Outlines executable tests to validate `say_my_name()`
====================================================

Import `3-say_my_name` module:
    >>> say_my_name = __import__('3-say_my_name').say_my_name


Validate expected output of `say_my_name()`:
-------------------------------------------

No argument:
    >>> say_my_name()
    Traceback (most recent call last):
    TypeError: say_my_name() missing 1 required positional argument: 'first_name'

One argument:
    >>> say_my_name('Bob')
    My name is Bob

Numerical value:
    >>> say_my_name(12)
    Traceback (most recent call last):
    TypeError: first_name must be a string
 
    >>> say_my_name('Bob', 12)
    Traceback (most recent call last):
    TypeError: last_name must be a string

False string:
    >>> say_my_name('12', 'Marley')
    Traceback (most recent call last):
    TypeError: first_name must be a string

Valid value:
    >>> say_my_name('Bob', 'Marley')
    My name is Bob Marley
